<?xml version="1.0" encoding="UTF-8"?>
<!-- Generated by org.testng.reporters.JUnitReportReporter -->
<testsuite hostname="DESKTOP-DMT2B5N" failures="0" tests="1" name="BokkingTest" time="57.356" errors="0" timestamp="2025-06-18T23:50:20 IST" skipped="0">
  <testcase classname="BokkingTest" name="hotelBookingTest" time="57.356"/>
</testsuite> <!-- BokkingTest -->
