<?xml version="1.0" encoding="UTF-8"?>
<!-- Generated by org.testng.reporters.JUnitReportReporter -->
<testsuite hostname="DESKTOP-DMT2B5N" failures="0" tests="1" name="BokkingTest" time="55.608" errors="0" timestamp="2025-06-18T22:28:23 IST" skipped="0">
  <testcase classname="BokkingTest" name="hotelBookingTest" time="55.608"/>
</testsuite> <!-- BokkingTest -->
